<?xml version="1.0" encoding="UTF-8"?>
<coverage generated="1746822008017" clover="3.2.0">
  <project timestamp="1746822008018" name="All files">
    <metrics statements="37" coveredstatements="34" conditionals="12" coveredconditionals="11" methods="12" coveredmethods="10" elements="61" coveredelements="55" complexity="0" loc="37" ncloc="37" packages="1" files="2" classes="2"/>
    <file name="habitTracker.js" path="C:\Projects\AmaliTech_Lab_Solutions\06. Habit Tracker\habitTracker1\js\habitTracker.js">
      <metrics statements="10" coveredstatements="10" conditionals="4" coveredconditionals="4" methods="2" coveredmethods="2"/>
      <line num="6" count="1" type="stmt"/>
      <line num="7" count="3" type="stmt"/>
      <line num="9" count="3" type="stmt"/>
      <line num="10" count="3" type="stmt"/>
      <line num="12" count="3" type="cond" truecount="2" falsecount="0"/>
      <line num="16" count="2" type="cond" truecount="2" falsecount="0"/>
      <line num="17" count="1" type="stmt"/>
      <line num="18" count="1" type="stmt"/>
      <line num="19" count="1" type="stmt"/>
      <line num="21" count="1" type="stmt"/>
    </file>
    <file name="storage.js" path="C:\Projects\AmaliTech_Lab_Solutions\06. Habit Tracker\habitTracker1\js\storage.js">
      <metrics statements="27" coveredstatements="24" conditionals="8" coveredconditionals="7" methods="10" coveredmethods="8"/>
      <line num="5" count="2" type="stmt"/>
      <line num="9" count="2" type="stmt"/>
      <line num="10" count="3" type="stmt"/>
      <line num="16" count="2" type="stmt"/>
      <line num="17" count="2" type="cond" truecount="2" falsecount="0"/>
      <line num="18" count="2" type="stmt"/>
      <line num="21" count="2" type="stmt"/>
      <line num="28" count="2" type="stmt"/>
      <line num="29" count="16" type="stmt"/>
      <line num="30" count="16" type="cond" truecount="2" falsecount="0"/>
      <line num="31" count="15" type="cond" truecount="1" falsecount="1"/>
      <line num="33" count="15" type="stmt"/>
      <line num="40" count="2" type="stmt"/>
      <line num="41" count="1" type="stmt"/>
      <line num="47" count="2" type="stmt"/>
      <line num="48" count="4" type="stmt"/>
      <line num="49" count="2" type="stmt"/>
      <line num="56" count="2" type="stmt"/>
      <line num="57" count="2" type="stmt"/>
      <line num="58" count="2" type="stmt"/>
      <line num="60" count="2" type="cond" truecount="2" falsecount="0"/>
      <line num="61" count="1" type="stmt"/>
      <line num="62" count="1" type="stmt"/>
      <line num="69" count="2" type="stmt"/>
      <line num="70" count="0" type="stmt"/>
      <line num="71" count="0" type="stmt"/>
      <line num="73" count="0" type="stmt"/>
    </file>
  </project>
</coverage>
