{"C:\\Projects\\AmaliTech_Lab_Solutions\\06. Habit Tracker\\habitTracker1\\js\\habitTracker.js": {"path":"C:\\Projects\\AmaliTech_Lab_Solutions\\06. Habit Tracker\\habitTracker1\\js\\habitTracker.js","statementMap":{"0":{"start":{"line":6,"column":29},"end":{"line":28,"column":1}},"1":{"start":{"line":7,"column":18},"end":{"line":7,"column":56}},"2":{"start":{"line":9,"column":17},"end":{"line":9,"column":31}},"3":{"start":{"line":10,"column":16},"end":{"line":10,"column":72}},"4":{"start":{"line":10,"column":43},"end":{"line":10,"column":70}},"5":{"start":{"line":12,"column":4},"end":{"line":26,"column":5}},"6":{"start":{"line":16,"column":8},"end":{"line":24,"column":9}},"7":{"start":{"line":17,"column":12},"end":{"line":17,"column":57}},"8":{"start":{"line":18,"column":12},"end":{"line":18,"column":45}},"9":{"start":{"line":19,"column":12},"end":{"line":19,"column":46}},"10":{"start":{"line":21,"column":12},"end":{"line":21,"column":73}}},"fnMap":{"0":{"name":"(anonymous_0)","decl":{"start":{"line":6,"column":29},"end":{"line":6,"column":30}},"loc":{"start":{"line":6,"column":51},"end":{"line":28,"column":1}},"line":6},"1":{"name":"(anonymous_1)","decl":{"start":{"line":10,"column":34},"end":{"line":10,"column":35}},"loc":{"start":{"line":10,"column":43},"end":{"line":10,"column":70}},"line":10}},"branchMap":{"0":{"loc":{"start":{"line":12,"column":4},"end":{"line":26,"column":5}},"type":"if","locations":[{"start":{"line":12,"column":4},"end":{"line":26,"column":5}},{"start":{},"end":{}}],"line":12},"1":{"loc":{"start":{"line":16,"column":8},"end":{"line":24,"column":9}},"type":"if","locations":[{"start":{"line":16,"column":8},"end":{"line":24,"column":9}},{"start":{},"end":{}}],"line":16}},"s":{"0":1,"1":3,"2":3,"3":3,"4":3,"5":3,"6":2,"7":1,"8":1,"9":1,"10":1},"f":{"0":3,"1":3},"b":{"0":[2,1],"1":[1,1]},"inputSourceMap":null,"_coverageSchema":"1a1c01bbd47fc00a2c39e90264f33305004495a9","hash":"03d73f717306db494e4543f36a1732a7aa9e0064"}
,"C:\\Projects\\AmaliTech_Lab_Solutions\\06. Habit Tracker\\habitTracker1\\js\\storage.js": {"path":"C:\\Projects\\AmaliTech_Lab_Solutions\\06. Habit Tracker\\habitTracker1\\js\\storage.js","statementMap":{"0":{"start":{"line":5,"column":18},"end":{"line":5,"column":21}},"1":{"start":{"line":9,"column":25},"end":{"line":11,"column":1}},"2":{"start":{"line":10,"column":4},"end":{"line":10,"column":19}},"3":{"start":{"line":16,"column":20},"end":{"line":23,"column":1}},"4":{"start":{"line":17,"column":4},"end":{"line":17,"column":71}},"5":{"start":{"line":18,"column":4},"end":{"line":18,"column":43}},"6":{"start":{"line":21,"column":4},"end":{"line":21,"column":70}},"7":{"start":{"line":28,"column":21},"end":{"line":36,"column":1}},"8":{"start":{"line":29,"column":36},"end":{"line":29,"column":71}},"9":{"start":{"line":30,"column":4},"end":{"line":34,"column":5}},"10":{"start":{"line":31,"column":8},"end":{"line":31,"column":82}},"11":{"start":{"line":33,"column":8},"end":{"line":33,"column":40}},"12":{"start":{"line":40,"column":23},"end":{"line":42,"column":1}},"13":{"start":{"line":41,"column":4},"end":{"line":41,"column":42}},"14":{"start":{"line":47,"column":30},"end":{"line":51,"column":1}},"15":{"start":{"line":48,"column":33},"end":{"line":48,"column":87}},"16":{"start":{"line":48,"column":65},"end":{"line":48,"column":85}},"17":{"start":{"line":49,"column":4},"end":{"line":49,"column":81}},"18":{"start":{"line":56,"column":30},"end":{"line":64,"column":1}},"19":{"start":{"line":57,"column":17},"end":{"line":57,"column":31}},"20":{"start":{"line":58,"column":16},"end":{"line":58,"column":72}},"21":{"start":{"line":58,"column":43},"end":{"line":58,"column":70}},"22":{"start":{"line":60,"column":4},"end":{"line":63,"column":5}},"23":{"start":{"line":61,"column":8},"end":{"line":61,"column":38}},"24":{"start":{"line":62,"column":8},"end":{"line":62,"column":69}},"25":{"start":{"line":69,"column":24},"end":{"line":74,"column":1}},"26":{"start":{"line":70,"column":17},"end":{"line":70,"column":31}},"27":{"start":{"line":71,"column":23},"end":{"line":71,"column":70}},"28":{"start":{"line":71,"column":48},"end":{"line":71,"column":68}},"29":{"start":{"line":73,"column":4},"end":{"line":73,"column":23}}},"fnMap":{"0":{"name":"(anonymous_0)","decl":{"start":{"line":9,"column":25},"end":{"line":9,"column":26}},"loc":{"start":{"line":9,"column":32},"end":{"line":11,"column":1}},"line":9},"1":{"name":"(anonymous_1)","decl":{"start":{"line":16,"column":20},"end":{"line":16,"column":21}},"loc":{"start":{"line":16,"column":33},"end":{"line":23,"column":1}},"line":16},"2":{"name":"(anonymous_2)","decl":{"start":{"line":28,"column":21},"end":{"line":28,"column":22}},"loc":{"start":{"line":28,"column":28},"end":{"line":36,"column":1}},"line":28},"3":{"name":"(anonymous_3)","decl":{"start":{"line":40,"column":23},"end":{"line":40,"column":24}},"loc":{"start":{"line":40,"column":30},"end":{"line":42,"column":1}},"line":40},"4":{"name":"(anonymous_4)","decl":{"start":{"line":47,"column":30},"end":{"line":47,"column":31}},"loc":{"start":{"line":47,"column":45},"end":{"line":51,"column":1}},"line":47},"5":{"name":"(anonymous_5)","decl":{"start":{"line":48,"column":56},"end":{"line":48,"column":57}},"loc":{"start":{"line":48,"column":65},"end":{"line":48,"column":85}},"line":48},"6":{"name":"(anonymous_6)","decl":{"start":{"line":56,"column":30},"end":{"line":56,"column":31}},"loc":{"start":{"line":56,"column":66},"end":{"line":64,"column":1}},"line":56},"7":{"name":"(anonymous_7)","decl":{"start":{"line":58,"column":34},"end":{"line":58,"column":35}},"loc":{"start":{"line":58,"column":43},"end":{"line":58,"column":70}},"line":58},"8":{"name":"(anonymous_8)","decl":{"start":{"line":69,"column":24},"end":{"line":69,"column":25}},"loc":{"start":{"line":69,"column":39},"end":{"line":74,"column":1}},"line":69},"9":{"name":"(anonymous_9)","decl":{"start":{"line":71,"column":35},"end":{"line":71,"column":36}},"loc":{"start":{"line":71,"column":48},"end":{"line":71,"column":68}},"line":71}},"branchMap":{"0":{"loc":{"start":{"line":17,"column":18},"end":{"line":17,"column":71}},"type":"binary-expr","locations":[{"start":{"line":17,"column":18},"end":{"line":17,"column":65}},{"start":{"line":17,"column":69},"end":{"line":17,"column":71}}],"line":17},"1":{"loc":{"start":{"line":30,"column":4},"end":{"line":34,"column":5}},"type":"if","locations":[{"start":{"line":30,"column":4},"end":{"line":34,"column":5}},{"start":{},"end":{}}],"line":30},"2":{"loc":{"start":{"line":31,"column":36},"end":{"line":31,"column":82}},"type":"binary-expr","locations":[{"start":{"line":31,"column":36},"end":{"line":31,"column":75}},{"start":{"line":31,"column":79},"end":{"line":31,"column":82}}],"line":31},"3":{"loc":{"start":{"line":60,"column":4},"end":{"line":63,"column":5}},"type":"if","locations":[{"start":{"line":60,"column":4},"end":{"line":63,"column":5}},{"start":{},"end":{}}],"line":60}},"s":{"0":2,"1":2,"2":3,"3":2,"4":2,"5":2,"6":2,"7":2,"8":16,"9":16,"10":15,"11":15,"12":2,"13":1,"14":2,"15":2,"16":4,"17":2,"18":2,"19":2,"20":2,"21":2,"22":2,"23":1,"24":1,"25":2,"26":0,"27":0,"28":0,"29":0},"f":{"0":3,"1":2,"2":16,"3":1,"4":2,"5":4,"6":2,"7":2,"8":0,"9":0},"b":{"0":[2,1],"1":[15,1],"2":[15,0],"3":[1,1]},"inputSourceMap":null,"_coverageSchema":"1a1c01bbd47fc00a2c39e90264f33305004495a9","hash":"a13f7bee537d6dd77656159bc8ba881b0c079cee"}
}
