TN:
SF:js\habitTracker.js
FN:6,(anonymous_0)
FN:10,(anonymous_1)
FNF:2
FNH:2
FNDA:3,(anonymous_0)
FNDA:3,(anonymous_1)
DA:6,1
DA:7,3
DA:9,3
DA:10,3
DA:12,3
DA:16,2
DA:17,1
DA:18,1
DA:19,1
DA:21,1
LF:10
LH:10
BRDA:12,0,0,2
BRDA:12,0,1,1
BRDA:16,1,0,1
BRDA:16,1,1,1
BRF:4
BRH:4
end_of_record
TN:
SF:js\storage.js
FN:9,(anonymous_0)
FN:16,(anonymous_1)
FN:28,(anonymous_2)
FN:40,(anonymous_3)
FN:47,(anonymous_4)
FN:48,(anonymous_5)
FN:56,(anonymous_6)
FN:58,(anonymous_7)
FN:69,(anonymous_8)
FN:71,(anonymous_9)
FNF:10
FNH:8
FNDA:3,(anonymous_0)
FNDA:2,(anonymous_1)
FNDA:16,(anonymous_2)
FNDA:1,(anonymous_3)
FNDA:2,(anonymous_4)
FNDA:4,(anonymous_5)
FNDA:2,(anonymous_6)
FNDA:2,(anonymous_7)
FNDA:0,(anonymous_8)
FNDA:0,(anonymous_9)
DA:5,2
DA:9,2
DA:10,3
DA:16,2
DA:17,2
DA:18,2
DA:21,2
DA:28,2
DA:29,16
DA:30,16
DA:31,15
DA:33,15
DA:40,2
DA:41,1
DA:47,2
DA:48,4
DA:49,2
DA:56,2
DA:57,2
DA:58,2
DA:60,2
DA:61,1
DA:62,1
DA:69,2
DA:70,0
DA:71,0
DA:73,0
LF:27
LH:24
BRDA:17,0,0,2
BRDA:17,0,1,1
BRDA:30,1,0,15
BRDA:30,1,1,1
BRDA:31,2,0,15
BRDA:31,2,1,0
BRDA:60,3,0,1
BRDA:60,3,1,1
BRF:8
BRH:7
end_of_record
